<Page xmlns="http://schemas.nativescript.org/tns.xsd" loaded="loade" actionBarHidden="true">
  <StackLayout style="height:100%">
    <!-- <Label text="Tap the button" class="title"/> -->
    <Button text="TAP" tap="{{ onTap }}" />
    <StackLayout id="molpay" style="padding-top:2;height:1000"></StackLayout>
    <!-- <Label text="{{ message }}" class="message" textWrap="true"/> -->
    <!-- <WebView src="{{ someUrl | pathToLocalFile | htmlString }}" /> -->
  </StackLayout>
<!--   <StackLayout id="molpay" style="padding-top:5;height:80">
  </StackLayout> -->
</Page>